CRITICAL - 2026-06-08 09:47:47 --> CodeIgniter\View\Exceptions\ViewException: Invalid file: "layout/pelanggan.php"
[Method: GET, Route: pelanggan/catering]
in SYSTEMPATH/Exceptions/FrameworkException.php on line 39.
 1 SYSTEMPATH/View/View.php(228): CodeIgniter\Exceptions\FrameworkException::forInvalidFile('layout/pelanggan.php')
 2 SYSTEMPATH/View/View.php(256): CodeIgniter\View\View->render('layout/pelanggan', [], true)
 3 SYSTEMPATH/Common.php(1254): CodeIgniter\View\View->render('Pelanggan/Catering/index', [], true)
 4 APPPATH/Controllers/Pelanggan/Catering.php(11): view('Pelanggan/Catering/index')
 5 SYSTEMPATH/CodeIgniter.php(974): App\Controllers\Pelanggan\Catering->index()
 6 SYSTEMPATH/CodeIgniter.php(520): CodeIgniter\CodeIgniter->runController(Object(App\Controllers\Pelanggan\Catering))
 7 SYSTEMPATH/CodeIgniter.php(363): CodeIgniter\CodeIgniter->handleRequest(null, Object(Config\Cache), false)
 8 SYSTEMPATH/Boot.php(417): CodeIgniter\CodeIgniter->run()
 9 SYSTEMPATH/Boot.php(68): CodeIgniter\Boot::runCodeIgniter(Object(CodeIgniter\CodeIgniter))
10 FCPATH/index.php(59): CodeIgniter\Boot::bootWeb(Object(Config\Paths))
CRITICAL - 2026-06-08 09:47:54 --> CodeIgniter\View\Exceptions\ViewException: Invalid file: "layout/pelanggan.php"
[Method: GET, Route: pelanggan/catering]
in SYSTEMPATH/Exceptions/FrameworkException.php on line 39.
 1 SYSTEMPATH/View/View.php(228): CodeIgniter\Exceptions\FrameworkException::forInvalidFile('layout/pelanggan.php')
 2 SYSTEMPATH/View/View.php(256): CodeIgniter\View\View->render('layout/pelanggan', [], true)
 3 SYSTEMPATH/Common.php(1254): CodeIgniter\View\View->render('Pelanggan/Catering/index', [], true)
 4 APPPATH/Controllers/Pelanggan/Catering.php(11): view('Pelanggan/Catering/index')
 5 SYSTEMPATH/CodeIgniter.php(974): App\Controllers\Pelanggan\Catering->index()
 6 SYSTEMPATH/CodeIgniter.php(520): CodeIgniter\CodeIgniter->runController(Object(App\Controllers\Pelanggan\Catering))
 7 SYSTEMPATH/CodeIgniter.php(363): CodeIgniter\CodeIgniter->handleRequest(null, Object(Config\Cache), false)
 8 SYSTEMPATH/Boot.php(417): CodeIgniter\CodeIgniter->run()
 9 SYSTEMPATH/Boot.php(68): CodeIgniter\Boot::runCodeIgniter(Object(CodeIgniter\CodeIgniter))
10 FCPATH/index.php(59): CodeIgniter\Boot::bootWeb(Object(Config\Paths))
CRITICAL - 2026-06-08 09:49:21 --> CodeIgniter\View\Exceptions\ViewException: Invalid file: "layout/pelanggan.php"
[Method: GET, Route: pelanggan/catering]
in SYSTEMPATH/Exceptions/FrameworkException.php on line 39.
 1 SYSTEMPATH/View/View.php(228): CodeIgniter\Exceptions\FrameworkException::forInvalidFile('layout/pelanggan.php')
 2 SYSTEMPATH/View/View.php(256): CodeIgniter\View\View->render('layout/pelanggan', [], true)
 3 SYSTEMPATH/Common.php(1254): CodeIgniter\View\View->render('Pelanggan/Catering/index', [], true)
 4 APPPATH/Controllers/Pelanggan/Catering.php(11): view('Pelanggan/Catering/index')
 5 SYSTEMPATH/CodeIgniter.php(974): App\Controllers\Pelanggan\Catering->index()
 6 SYSTEMPATH/CodeIgniter.php(520): CodeIgniter\CodeIgniter->runController(Object(App\Controllers\Pelanggan\Catering))
 7 SYSTEMPATH/CodeIgniter.php(363): CodeIgniter\CodeIgniter->handleRequest(null, Object(Config\Cache), false)
 8 SYSTEMPATH/Boot.php(417): CodeIgniter\CodeIgniter->run()
 9 SYSTEMPATH/Boot.php(68): CodeIgniter\Boot::runCodeIgniter(Object(CodeIgniter\CodeIgniter))
10 FCPATH/index.php(59): CodeIgniter\Boot::bootWeb(Object(Config\Paths))
CRITICAL - 2026-06-08 10:35:12 --> ErrorException: Undefined variable $db
[Method: GET, Route: pelanggan/catering]
in APPPATH/Views/Pelanggan/Catering/index.php on line 17.
 1 APPPATH/Views/Pelanggan/Catering/index.php(17): CodeIgniter\Debug\Exceptions->errorHandler(2, 'Undefined variable $db', '/Applications/MAMP/htdocs/Catering/app/Views/Pelanggan/Catering/index.php', 17)
 2 SYSTEMPATH/View/View.php(240): include('/Applications/MAMP/htdocs/Catering/app/Views/Pelanggan/Catering/index.php')
 3 SYSTEMPATH/View/View.php(243): CodeIgniter\View\View->CodeIgniter\View\{closure}()
 4 SYSTEMPATH/Common.php(1254): CodeIgniter\View\View->render('Pelanggan/Catering/index', [], true)
 5 APPPATH/Controllers/Pelanggan/Catering.php(21): view('Pelanggan/Catering/index', [...])
 6 SYSTEMPATH/CodeIgniter.php(974): App\Controllers\Pelanggan\Catering->index()
 7 SYSTEMPATH/CodeIgniter.php(520): CodeIgniter\CodeIgniter->runController(Object(App\Controllers\Pelanggan\Catering))
 8 SYSTEMPATH/CodeIgniter.php(363): CodeIgniter\CodeIgniter->handleRequest(null, Object(Config\Cache), false)
 9 SYSTEMPATH/Boot.php(417): CodeIgniter\CodeIgniter->run()
10 SYSTEMPATH/Boot.php(68): CodeIgniter\Boot::runCodeIgniter(Object(CodeIgniter\CodeIgniter))
11 FCPATH/index.php(59): CodeIgniter\Boot::bootWeb(Object(Config\Paths))
ERROR - 2026-06-08 11:16:07 --> Cannot add or update a child row: a foreign key constraint fails (`dbcatering`.`pemesanan`, CONSTRAINT `pemesanan_ibfk_1` FOREIGN KEY (`id_pelanggan`) REFERENCES `pelanggan` (`id_pelanggan`) ON DELETE CASCADE)
in SYSTEMPATH/Database/MySQLi/Connection.php on line 300.
 1 SYSTEMPATH/Database/MySQLi/Connection.php(300): mysqli->query('INSERT INTO `pemesanan` (`id_pelanggan`, `id_paket`, `no_invoice`, `jumlah_porsi`, `tanggal_acara`, `alamat_acara`, `total_tagihan`, `total_terbayar`, `sisa_pembayaran`, `status_pembayaran`) VALUES (1, \'1\', \'INV20260608111607\', \'20\', \'2026-06-10\', \'medan\', 500000, 0, 500000, \'Belum Bayar\')', 0)
 2 SYSTEMPATH/Database/BaseConnection.php(908): CodeIgniter\Database\MySQLi\Connection->execute('INSERT INTO `pemesanan` (`id_pelanggan`, `id_paket`, `no_invoice`, `jumlah_porsi`, `tanggal_acara`, `alamat_acara`, `total_tagihan`, `total_terbayar`, `sisa_pembayaran`, `status_pembayaran`) VALUES (1, \'1\', \'INV20260608111607\', \'20\', \'2026-06-10\', \'medan\', 500000, 0, 500000, \'Belum Bayar\')')
 3 SYSTEMPATH/Database/BaseConnection.php(825): CodeIgniter\Database\BaseConnection->simpleQuery('INSERT INTO `pemesanan` (`id_pelanggan`, `id_paket`, `no_invoice`, `jumlah_porsi`, `tanggal_acara`, `alamat_acara`, `total_tagihan`, `total_terbayar`, `sisa_pembayaran`, `status_pembayaran`) VALUES (1, \'1\', \'INV20260608111607\', \'20\', \'2026-06-10\', \'medan\', 500000, 0, 500000, \'Belum Bayar\')')
 4 SYSTEMPATH/Database/BaseBuilder.php(2343): CodeIgniter\Database\BaseConnection->query('INSERT INTO `pemesanan` (`id_pelanggan`, `id_paket`, `no_invoice`, `jumlah_porsi`, `tanggal_acara`, `alamat_acara`, `total_tagihan`, `total_terbayar`, `sisa_pembayaran`, `status_pembayaran`) VALUES (:id_pelanggan:, :id_paket:, :no_invoice:, :jumlah_porsi:, :tanggal_acara:, :alamat_acara:, :total_tagihan:, :total_terbayar:, :sisa_pembayaran:, :status_pembayaran:)', [...], false)
 5 SYSTEMPATH/Model.php(357): CodeIgniter\Database\BaseBuilder->insert()
 6 SYSTEMPATH/BaseModel.php(899): CodeIgniter\Model->doInsert([...])
 7 SYSTEMPATH/Model.php(670): CodeIgniter\BaseModel->insert([...], true)
 8 APPPATH/Controllers/Pelanggan/Catering.php(50): CodeIgniter\Model->insert([...])
 9 SYSTEMPATH/CodeIgniter.php(974): App\Controllers\Pelanggan\Catering->simpan()
10 SYSTEMPATH/CodeIgniter.php(520): CodeIgniter\CodeIgniter->runController(Object(App\Controllers\Pelanggan\Catering))
11 SYSTEMPATH/CodeIgniter.php(363): CodeIgniter\CodeIgniter->handleRequest(null, Object(Config\Cache), false)
12 SYSTEMPATH/Boot.php(417): CodeIgniter\CodeIgniter->run()
13 SYSTEMPATH/Boot.php(68): CodeIgniter\Boot::runCodeIgniter(Object(CodeIgniter\CodeIgniter))
14 FCPATH/index.php(59): CodeIgniter\Boot::bootWeb(Object(Config\Paths))
CRITICAL - 2026-06-08 11:16:07 --> CodeIgniter\Database\Exceptions\DatabaseException: Cannot add or update a child row: a foreign key constraint fails (`dbcatering`.`pemesanan`, CONSTRAINT `pemesanan_ibfk_1` FOREIGN KEY (`id_pelanggan`) REFERENCES `pelanggan` (`id_pelanggan`) ON DELETE CASCADE)
[Method: POST, Route: pelanggan/catering/simpan]
in SYSTEMPATH/Database/BaseConnection.php on line 863.
 1 SYSTEMPATH/Database/BaseBuilder.php(2343): CodeIgniter\Database\BaseConnection->query('INSERT INTO `pemesanan` (`id_pelanggan`, `id_paket`, `no_invoice`, `jumlah_porsi`, `tanggal_acara`, `alamat_acara`, `total_tagihan`, `total_terbayar`, `sisa_pembayaran`, `status_pembayaran`) VALUES (:id_pelanggan:, :id_paket:, :no_invoice:, :jumlah_porsi:, :tanggal_acara:, :alamat_acara:, :total_tagihan:, :total_terbayar:, :sisa_pembayaran:, :status_pembayaran:)', [...], false)
 2 SYSTEMPATH/Model.php(357): CodeIgniter\Database\BaseBuilder->insert()
 3 SYSTEMPATH/BaseModel.php(899): CodeIgniter\Model->doInsert([...])
 4 SYSTEMPATH/Model.php(670): CodeIgniter\BaseModel->insert([...], true)
 5 APPPATH/Controllers/Pelanggan/Catering.php(50): CodeIgniter\Model->insert([...])
 6 SYSTEMPATH/CodeIgniter.php(974): App\Controllers\Pelanggan\Catering->simpan()
 7 SYSTEMPATH/CodeIgniter.php(520): CodeIgniter\CodeIgniter->runController(Object(App\Controllers\Pelanggan\Catering))
 8 SYSTEMPATH/CodeIgniter.php(363): CodeIgniter\CodeIgniter->handleRequest(null, Object(Config\Cache), false)
 9 SYSTEMPATH/Boot.php(417): CodeIgniter\CodeIgniter->run()
10 SYSTEMPATH/Boot.php(68): CodeIgniter\Boot::runCodeIgniter(Object(CodeIgniter\CodeIgniter))
11 FCPATH/index.php(59): CodeIgniter\Boot::bootWeb(Object(Config\Paths))
CRITICAL - 2026-06-08 11:16:07 --> [Caused by] CodeIgniter\Database\Exceptions\DatabaseException: Cannot add or update a child row: a foreign key constraint fails (`dbcatering`.`pemesanan`, CONSTRAINT `pemesanan_ibfk_1` FOREIGN KEY (`id_pelanggan`) REFERENCES `pelanggan` (`id_pelanggan`) ON DELETE CASCADE)
in SYSTEMPATH/Database/MySQLi/Connection.php on line 310.
 1 SYSTEMPATH/Database/BaseConnection.php(908): CodeIgniter\Database\MySQLi\Connection->execute('INSERT INTO `pemesanan` (`id_pelanggan`, `id_paket`, `no_invoice`, `jumlah_porsi`, `tanggal_acara`, `alamat_acara`, `total_tagihan`, `total_terbayar`, `sisa_pembayaran`, `status_pembayaran`) VALUES (1, \'1\', \'INV20260608111607\', \'20\', \'2026-06-10\', \'medan\', 500000, 0, 500000, \'Belum Bayar\')')
 2 SYSTEMPATH/Database/BaseConnection.php(825): CodeIgniter\Database\BaseConnection->simpleQuery('INSERT INTO `pemesanan` (`id_pelanggan`, `id_paket`, `no_invoice`, `jumlah_porsi`, `tanggal_acara`, `alamat_acara`, `total_tagihan`, `total_terbayar`, `sisa_pembayaran`, `status_pembayaran`) VALUES (1, \'1\', \'INV20260608111607\', \'20\', \'2026-06-10\', \'medan\', 500000, 0, 500000, \'Belum Bayar\')')
 3 SYSTEMPATH/Database/BaseBuilder.php(2343): CodeIgniter\Database\BaseConnection->query('INSERT INTO `pemesanan` (`id_pelanggan`, `id_paket`, `no_invoice`, `jumlah_porsi`, `tanggal_acara`, `alamat_acara`, `total_tagihan`, `total_terbayar`, `sisa_pembayaran`, `status_pembayaran`) VALUES (:id_pelanggan:, :id_paket:, :no_invoice:, :jumlah_porsi:, :tanggal_acara:, :alamat_acara:, :total_tagihan:, :total_terbayar:, :sisa_pembayaran:, :status_pembayaran:)', [...], false)
 4 SYSTEMPATH/Model.php(357): CodeIgniter\Database\BaseBuilder->insert()
 5 SYSTEMPATH/BaseModel.php(899): CodeIgniter\Model->doInsert([...])
 6 SYSTEMPATH/Model.php(670): CodeIgniter\BaseModel->insert([...], true)
 7 APPPATH/Controllers/Pelanggan/Catering.php(50): CodeIgniter\Model->insert([...])
 8 SYSTEMPATH/CodeIgniter.php(974): App\Controllers\Pelanggan\Catering->simpan()
 9 SYSTEMPATH/CodeIgniter.php(520): CodeIgniter\CodeIgniter->runController(Object(App\Controllers\Pelanggan\Catering))
10 SYSTEMPATH/CodeIgniter.php(363): CodeIgniter\CodeIgniter->handleRequest(null, Object(Config\Cache), false)
11 SYSTEMPATH/Boot.php(417): CodeIgniter\CodeIgniter->run()
12 SYSTEMPATH/Boot.php(68): CodeIgniter\Boot::runCodeIgniter(Object(CodeIgniter\CodeIgniter))
13 FCPATH/index.php(59): CodeIgniter\Boot::bootWeb(Object(Config\Paths))
CRITICAL - 2026-06-08 11:16:07 --> [Caused by] mysqli_sql_exception: Cannot add or update a child row: a foreign key constraint fails (`dbcatering`.`pemesanan`, CONSTRAINT `pemesanan_ibfk_1` FOREIGN KEY (`id_pelanggan`) REFERENCES `pelanggan` (`id_pelanggan`) ON DELETE CASCADE)
in SYSTEMPATH/Database/MySQLi/Connection.php on line 300.
 1 SYSTEMPATH/Database/MySQLi/Connection.php(300): mysqli->query('INSERT INTO `pemesanan` (`id_pelanggan`, `id_paket`, `no_invoice`, `jumlah_porsi`, `tanggal_acara`, `alamat_acara`, `total_tagihan`, `total_terbayar`, `sisa_pembayaran`, `status_pembayaran`) VALUES (1, \'1\', \'INV20260608111607\', \'20\', \'2026-06-10\', \'medan\', 500000, 0, 500000, \'Belum Bayar\')', 0)
 2 SYSTEMPATH/Database/BaseConnection.php(908): CodeIgniter\Database\MySQLi\Connection->execute('INSERT INTO `pemesanan` (`id_pelanggan`, `id_paket`, `no_invoice`, `jumlah_porsi`, `tanggal_acara`, `alamat_acara`, `total_tagihan`, `total_terbayar`, `sisa_pembayaran`, `status_pembayaran`) VALUES (1, \'1\', \'INV20260608111607\', \'20\', \'2026-06-10\', \'medan\', 500000, 0, 500000, \'Belum Bayar\')')
 3 SYSTEMPATH/Database/BaseConnection.php(825): CodeIgniter\Database\BaseConnection->simpleQuery('INSERT INTO `pemesanan` (`id_pelanggan`, `id_paket`, `no_invoice`, `jumlah_porsi`, `tanggal_acara`, `alamat_acara`, `total_tagihan`, `total_terbayar`, `sisa_pembayaran`, `status_pembayaran`) VALUES (1, \'1\', \'INV20260608111607\', \'20\', \'2026-06-10\', \'medan\', 500000, 0, 500000, \'Belum Bayar\')')
 4 SYSTEMPATH/Database/BaseBuilder.php(2343): CodeIgniter\Database\BaseConnection->query('INSERT INTO `pemesanan` (`id_pelanggan`, `id_paket`, `no_invoice`, `jumlah_porsi`, `tanggal_acara`, `alamat_acara`, `total_tagihan`, `total_terbayar`, `sisa_pembayaran`, `status_pembayaran`) VALUES (:id_pelanggan:, :id_paket:, :no_invoice:, :jumlah_porsi:, :tanggal_acara:, :alamat_acara:, :total_tagihan:, :total_terbayar:, :sisa_pembayaran:, :status_pembayaran:)', [...], false)
 5 SYSTEMPATH/Model.php(357): CodeIgniter\Database\BaseBuilder->insert()
 6 SYSTEMPATH/BaseModel.php(899): CodeIgniter\Model->doInsert([...])
 7 SYSTEMPATH/Model.php(670): CodeIgniter\BaseModel->insert([...], true)
 8 APPPATH/Controllers/Pelanggan/Catering.php(50): CodeIgniter\Model->insert([...])
 9 SYSTEMPATH/CodeIgniter.php(974): App\Controllers\Pelanggan\Catering->simpan()
10 SYSTEMPATH/CodeIgniter.php(520): CodeIgniter\CodeIgniter->runController(Object(App\Controllers\Pelanggan\Catering))
11 SYSTEMPATH/CodeIgniter.php(363): CodeIgniter\CodeIgniter->handleRequest(null, Object(Config\Cache), false)
12 SYSTEMPATH/Boot.php(417): CodeIgniter\CodeIgniter->run()
13 SYSTEMPATH/Boot.php(68): CodeIgniter\Boot::runCodeIgniter(Object(CodeIgniter\CodeIgniter))
14 FCPATH/index.php(59): CodeIgniter\Boot::bootWeb(Object(Config\Paths))
ERROR - 2026-06-08 11:21:24 --> Cannot add or update a child row: a foreign key constraint fails (`dbcatering`.`pemesanan`, CONSTRAINT `pemesanan_ibfk_1` FOREIGN KEY (`id_pelanggan`) REFERENCES `pelanggan` (`id_pelanggan`) ON DELETE CASCADE)
in SYSTEMPATH/Database/MySQLi/Connection.php on line 300.
 1 SYSTEMPATH/Database/MySQLi/Connection.php(300): mysqli->query('INSERT INTO `pemesanan` (`id_pelanggan`, `id_paket`, `no_invoice`, `jumlah_porsi`, `tanggal_acara`, `alamat_acara`, `total_tagihan`, `total_terbayar`, `sisa_pembayaran`, `status_pembayaran`) VALUES (1, \'1\', \'INV20260608112124\', \'20\', \'2026-06-10\', \'medan\', 500000, 0, 500000, \'Belum Bayar\')', 0)
 2 SYSTEMPATH/Database/BaseConnection.php(908): CodeIgniter\Database\MySQLi\Connection->execute('INSERT INTO `pemesanan` (`id_pelanggan`, `id_paket`, `no_invoice`, `jumlah_porsi`, `tanggal_acara`, `alamat_acara`, `total_tagihan`, `total_terbayar`, `sisa_pembayaran`, `status_pembayaran`) VALUES (1, \'1\', \'INV20260608112124\', \'20\', \'2026-06-10\', \'medan\', 500000, 0, 500000, \'Belum Bayar\')')
 3 SYSTEMPATH/Database/BaseConnection.php(825): CodeIgniter\Database\BaseConnection->simpleQuery('INSERT INTO `pemesanan` (`id_pelanggan`, `id_paket`, `no_invoice`, `jumlah_porsi`, `tanggal_acara`, `alamat_acara`, `total_tagihan`, `total_terbayar`, `sisa_pembayaran`, `status_pembayaran`) VALUES (1, \'1\', \'INV20260608112124\', \'20\', \'2026-06-10\', \'medan\', 500000, 0, 500000, \'Belum Bayar\')')
 4 SYSTEMPATH/Database/BaseBuilder.php(2343): CodeIgniter\Database\BaseConnection->query('INSERT INTO `pemesanan` (`id_pelanggan`, `id_paket`, `no_invoice`, `jumlah_porsi`, `tanggal_acara`, `alamat_acara`, `total_tagihan`, `total_terbayar`, `sisa_pembayaran`, `status_pembayaran`) VALUES (:id_pelanggan:, :id_paket:, :no_invoice:, :jumlah_porsi:, :tanggal_acara:, :alamat_acara:, :total_tagihan:, :total_terbayar:, :sisa_pembayaran:, :status_pembayaran:)', [...], false)
 5 SYSTEMPATH/Model.php(357): CodeIgniter\Database\BaseBuilder->insert()
 6 SYSTEMPATH/BaseModel.php(899): CodeIgniter\Model->doInsert([...])
 7 SYSTEMPATH/Model.php(670): CodeIgniter\BaseModel->insert([...], true)
 8 APPPATH/Controllers/Pelanggan/Catering.php(50): CodeIgniter\Model->insert([...])
 9 SYSTEMPATH/CodeIgniter.php(974): App\Controllers\Pelanggan\Catering->simpan()
10 SYSTEMPATH/CodeIgniter.php(520): CodeIgniter\CodeIgniter->runController(Object(App\Controllers\Pelanggan\Catering))
11 SYSTEMPATH/CodeIgniter.php(363): CodeIgniter\CodeIgniter->handleRequest(null, Object(Config\Cache), false)
12 SYSTEMPATH/Boot.php(417): CodeIgniter\CodeIgniter->run()
13 SYSTEMPATH/Boot.php(68): CodeIgniter\Boot::runCodeIgniter(Object(CodeIgniter\CodeIgniter))
14 FCPATH/index.php(59): CodeIgniter\Boot::bootWeb(Object(Config\Paths))
CRITICAL - 2026-06-08 11:21:24 --> CodeIgniter\Database\Exceptions\DatabaseException: Cannot add or update a child row: a foreign key constraint fails (`dbcatering`.`pemesanan`, CONSTRAINT `pemesanan_ibfk_1` FOREIGN KEY (`id_pelanggan`) REFERENCES `pelanggan` (`id_pelanggan`) ON DELETE CASCADE)
[Method: POST, Route: pelanggan/catering/simpan]
in SYSTEMPATH/Database/BaseConnection.php on line 863.
 1 SYSTEMPATH/Database/BaseBuilder.php(2343): CodeIgniter\Database\BaseConnection->query('INSERT INTO `pemesanan` (`id_pelanggan`, `id_paket`, `no_invoice`, `jumlah_porsi`, `tanggal_acara`, `alamat_acara`, `total_tagihan`, `total_terbayar`, `sisa_pembayaran`, `status_pembayaran`) VALUES (:id_pelanggan:, :id_paket:, :no_invoice:, :jumlah_porsi:, :tanggal_acara:, :alamat_acara:, :total_tagihan:, :total_terbayar:, :sisa_pembayaran:, :status_pembayaran:)', [...], false)
 2 SYSTEMPATH/Model.php(357): CodeIgniter\Database\BaseBuilder->insert()
 3 SYSTEMPATH/BaseModel.php(899): CodeIgniter\Model->doInsert([...])
 4 SYSTEMPATH/Model.php(670): CodeIgniter\BaseModel->insert([...], true)
 5 APPPATH/Controllers/Pelanggan/Catering.php(50): CodeIgniter\Model->insert([...])
 6 SYSTEMPATH/CodeIgniter.php(974): App\Controllers\Pelanggan\Catering->simpan()
 7 SYSTEMPATH/CodeIgniter.php(520): CodeIgniter\CodeIgniter->runController(Object(App\Controllers\Pelanggan\Catering))
 8 SYSTEMPATH/CodeIgniter.php(363): CodeIgniter\CodeIgniter->handleRequest(null, Object(Config\Cache), false)
 9 SYSTEMPATH/Boot.php(417): CodeIgniter\CodeIgniter->run()
10 SYSTEMPATH/Boot.php(68): CodeIgniter\Boot::runCodeIgniter(Object(CodeIgniter\CodeIgniter))
11 FCPATH/index.php(59): CodeIgniter\Boot::bootWeb(Object(Config\Paths))
CRITICAL - 2026-06-08 11:21:24 --> [Caused by] CodeIgniter\Database\Exceptions\DatabaseException: Cannot add or update a child row: a foreign key constraint fails (`dbcatering`.`pemesanan`, CONSTRAINT `pemesanan_ibfk_1` FOREIGN KEY (`id_pelanggan`) REFERENCES `pelanggan` (`id_pelanggan`) ON DELETE CASCADE)
in SYSTEMPATH/Database/MySQLi/Connection.php on line 310.
 1 SYSTEMPATH/Database/BaseConnection.php(908): CodeIgniter\Database\MySQLi\Connection->execute('INSERT INTO `pemesanan` (`id_pelanggan`, `id_paket`, `no_invoice`, `jumlah_porsi`, `tanggal_acara`, `alamat_acara`, `total_tagihan`, `total_terbayar`, `sisa_pembayaran`, `status_pembayaran`) VALUES (1, \'1\', \'INV20260608112124\', \'20\', \'2026-06-10\', \'medan\', 500000, 0, 500000, \'Belum Bayar\')')
 2 SYSTEMPATH/Database/BaseConnection.php(825): CodeIgniter\Database\BaseConnection->simpleQuery('INSERT INTO `pemesanan` (`id_pelanggan`, `id_paket`, `no_invoice`, `jumlah_porsi`, `tanggal_acara`, `alamat_acara`, `total_tagihan`, `total_terbayar`, `sisa_pembayaran`, `status_pembayaran`) VALUES (1, \'1\', \'INV20260608112124\', \'20\', \'2026-06-10\', \'medan\', 500000, 0, 500000, \'Belum Bayar\')')
 3 SYSTEMPATH/Database/BaseBuilder.php(2343): CodeIgniter\Database\BaseConnection->query('INSERT INTO `pemesanan` (`id_pelanggan`, `id_paket`, `no_invoice`, `jumlah_porsi`, `tanggal_acara`, `alamat_acara`, `total_tagihan`, `total_terbayar`, `sisa_pembayaran`, `status_pembayaran`) VALUES (:id_pelanggan:, :id_paket:, :no_invoice:, :jumlah_porsi:, :tanggal_acara:, :alamat_acara:, :total_tagihan:, :total_terbayar:, :sisa_pembayaran:, :status_pembayaran:)', [...], false)
 4 SYSTEMPATH/Model.php(357): CodeIgniter\Database\BaseBuilder->insert()
 5 SYSTEMPATH/BaseModel.php(899): CodeIgniter\Model->doInsert([...])
 6 SYSTEMPATH/Model.php(670): CodeIgniter\BaseModel->insert([...], true)
 7 APPPATH/Controllers/Pelanggan/Catering.php(50): CodeIgniter\Model->insert([...])
 8 SYSTEMPATH/CodeIgniter.php(974): App\Controllers\Pelanggan\Catering->simpan()
 9 SYSTEMPATH/CodeIgniter.php(520): CodeIgniter\CodeIgniter->runController(Object(App\Controllers\Pelanggan\Catering))
10 SYSTEMPATH/CodeIgniter.php(363): CodeIgniter\CodeIgniter->handleRequest(null, Object(Config\Cache), false)
11 SYSTEMPATH/Boot.php(417): CodeIgniter\CodeIgniter->run()
12 SYSTEMPATH/Boot.php(68): CodeIgniter\Boot::runCodeIgniter(Object(CodeIgniter\CodeIgniter))
13 FCPATH/index.php(59): CodeIgniter\Boot::bootWeb(Object(Config\Paths))
CRITICAL - 2026-06-08 11:21:24 --> [Caused by] mysqli_sql_exception: Cannot add or update a child row: a foreign key constraint fails (`dbcatering`.`pemesanan`, CONSTRAINT `pemesanan_ibfk_1` FOREIGN KEY (`id_pelanggan`) REFERENCES `pelanggan` (`id_pelanggan`) ON DELETE CASCADE)
in SYSTEMPATH/Database/MySQLi/Connection.php on line 300.
 1 SYSTEMPATH/Database/MySQLi/Connection.php(300): mysqli->query('INSERT INTO `pemesanan` (`id_pelanggan`, `id_paket`, `no_invoice`, `jumlah_porsi`, `tanggal_acara`, `alamat_acara`, `total_tagihan`, `total_terbayar`, `sisa_pembayaran`, `status_pembayaran`) VALUES (1, \'1\', \'INV20260608112124\', \'20\', \'2026-06-10\', \'medan\', 500000, 0, 500000, \'Belum Bayar\')', 0)
 2 SYSTEMPATH/Database/BaseConnection.php(908): CodeIgniter\Database\MySQLi\Connection->execute('INSERT INTO `pemesanan` (`id_pelanggan`, `id_paket`, `no_invoice`, `jumlah_porsi`, `tanggal_acara`, `alamat_acara`, `total_tagihan`, `total_terbayar`, `sisa_pembayaran`, `status_pembayaran`) VALUES (1, \'1\', \'INV20260608112124\', \'20\', \'2026-06-10\', \'medan\', 500000, 0, 500000, \'Belum Bayar\')')
 3 SYSTEMPATH/Database/BaseConnection.php(825): CodeIgniter\Database\BaseConnection->simpleQuery('INSERT INTO `pemesanan` (`id_pelanggan`, `id_paket`, `no_invoice`, `jumlah_porsi`, `tanggal_acara`, `alamat_acara`, `total_tagihan`, `total_terbayar`, `sisa_pembayaran`, `status_pembayaran`) VALUES (1, \'1\', \'INV20260608112124\', \'20\', \'2026-06-10\', \'medan\', 500000, 0, 500000, \'Belum Bayar\')')
 4 SYSTEMPATH/Database/BaseBuilder.php(2343): CodeIgniter\Database\BaseConnection->query('INSERT INTO `pemesanan` (`id_pelanggan`, `id_paket`, `no_invoice`, `jumlah_porsi`, `tanggal_acara`, `alamat_acara`, `total_tagihan`, `total_terbayar`, `sisa_pembayaran`, `status_pembayaran`) VALUES (:id_pelanggan:, :id_paket:, :no_invoice:, :jumlah_porsi:, :tanggal_acara:, :alamat_acara:, :total_tagihan:, :total_terbayar:, :sisa_pembayaran:, :status_pembayaran:)', [...], false)
 5 SYSTEMPATH/Model.php(357): CodeIgniter\Database\BaseBuilder->insert()
 6 SYSTEMPATH/BaseModel.php(899): CodeIgniter\Model->doInsert([...])
 7 SYSTEMPATH/Model.php(670): CodeIgniter\BaseModel->insert([...], true)
 8 APPPATH/Controllers/Pelanggan/Catering.php(50): CodeIgniter\Model->insert([...])
 9 SYSTEMPATH/CodeIgniter.php(974): App\Controllers\Pelanggan\Catering->simpan()
10 SYSTEMPATH/CodeIgniter.php(520): CodeIgniter\CodeIgniter->runController(Object(App\Controllers\Pelanggan\Catering))
11 SYSTEMPATH/CodeIgniter.php(363): CodeIgniter\CodeIgniter->handleRequest(null, Object(Config\Cache), false)
12 SYSTEMPATH/Boot.php(417): CodeIgniter\CodeIgniter->run()
13 SYSTEMPATH/Boot.php(68): CodeIgniter\Boot::runCodeIgniter(Object(CodeIgniter\CodeIgniter))
14 FCPATH/index.php(59): CodeIgniter\Boot::bootWeb(Object(Config\Paths))
ERROR - 2026-06-08 11:21:45 --> Cannot add or update a child row: a foreign key constraint fails (`dbcatering`.`pemesanan`, CONSTRAINT `pemesanan_ibfk_1` FOREIGN KEY (`id_pelanggan`) REFERENCES `pelanggan` (`id_pelanggan`) ON DELETE CASCADE)
in SYSTEMPATH/Database/MySQLi/Connection.php on line 300.
 1 SYSTEMPATH/Database/MySQLi/Connection.php(300): mysqli->query('INSERT INTO `pemesanan` (`id_pelanggan`, `id_paket`, `no_invoice`, `jumlah_porsi`, `tanggal_acara`, `alamat_acara`, `total_tagihan`, `total_terbayar`, `sisa_pembayaran`, `status_pembayaran`) VALUES (1, \'2\', \'INV20260608112145\', \'30\', \'2026-06-13\', \'medan\', 450000, 0, 450000, \'Belum Bayar\')', 0)
 2 SYSTEMPATH/Database/BaseConnection.php(908): CodeIgniter\Database\MySQLi\Connection->execute('INSERT INTO `pemesanan` (`id_pelanggan`, `id_paket`, `no_invoice`, `jumlah_porsi`, `tanggal_acara`, `alamat_acara`, `total_tagihan`, `total_terbayar`, `sisa_pembayaran`, `status_pembayaran`) VALUES (1, \'2\', \'INV20260608112145\', \'30\', \'2026-06-13\', \'medan\', 450000, 0, 450000, \'Belum Bayar\')')
 3 SYSTEMPATH/Database/BaseConnection.php(825): CodeIgniter\Database\BaseConnection->simpleQuery('INSERT INTO `pemesanan` (`id_pelanggan`, `id_paket`, `no_invoice`, `jumlah_porsi`, `tanggal_acara`, `alamat_acara`, `total_tagihan`, `total_terbayar`, `sisa_pembayaran`, `status_pembayaran`) VALUES (1, \'2\', \'INV20260608112145\', \'30\', \'2026-06-13\', \'medan\', 450000, 0, 450000, \'Belum Bayar\')')
 4 SYSTEMPATH/Database/BaseBuilder.php(2343): CodeIgniter\Database\BaseConnection->query('INSERT INTO `pemesanan` (`id_pelanggan`, `id_paket`, `no_invoice`, `jumlah_porsi`, `tanggal_acara`, `alamat_acara`, `total_tagihan`, `total_terbayar`, `sisa_pembayaran`, `status_pembayaran`) VALUES (:id_pelanggan:, :id_paket:, :no_invoice:, :jumlah_porsi:, :tanggal_acara:, :alamat_acara:, :total_tagihan:, :total_terbayar:, :sisa_pembayaran:, :status_pembayaran:)', [...], false)
 5 SYSTEMPATH/Model.php(357): CodeIgniter\Database\BaseBuilder->insert()
 6 SYSTEMPATH/BaseModel.php(899): CodeIgniter\Model->doInsert([...])
 7 SYSTEMPATH/Model.php(670): CodeIgniter\BaseModel->insert([...], true)
 8 APPPATH/Controllers/Pelanggan/Catering.php(50): CodeIgniter\Model->insert([...])
 9 SYSTEMPATH/CodeIgniter.php(974): App\Controllers\Pelanggan\Catering->simpan()
10 SYSTEMPATH/CodeIgniter.php(520): CodeIgniter\CodeIgniter->runController(Object(App\Controllers\Pelanggan\Catering))
11 SYSTEMPATH/CodeIgniter.php(363): CodeIgniter\CodeIgniter->handleRequest(null, Object(Config\Cache), false)
12 SYSTEMPATH/Boot.php(417): CodeIgniter\CodeIgniter->run()
13 SYSTEMPATH/Boot.php(68): CodeIgniter\Boot::runCodeIgniter(Object(CodeIgniter\CodeIgniter))
14 FCPATH/index.php(59): CodeIgniter\Boot::bootWeb(Object(Config\Paths))
CRITICAL - 2026-06-08 11:21:45 --> CodeIgniter\Database\Exceptions\DatabaseException: Cannot add or update a child row: a foreign key constraint fails (`dbcatering`.`pemesanan`, CONSTRAINT `pemesanan_ibfk_1` FOREIGN KEY (`id_pelanggan`) REFERENCES `pelanggan` (`id_pelanggan`) ON DELETE CASCADE)
[Method: POST, Route: pelanggan/catering/simpan]
in SYSTEMPATH/Database/BaseConnection.php on line 863.
 1 SYSTEMPATH/Database/BaseBuilder.php(2343): CodeIgniter\Database\BaseConnection->query('INSERT INTO `pemesanan` (`id_pelanggan`, `id_paket`, `no_invoice`, `jumlah_porsi`, `tanggal_acara`, `alamat_acara`, `total_tagihan`, `total_terbayar`, `sisa_pembayaran`, `status_pembayaran`) VALUES (:id_pelanggan:, :id_paket:, :no_invoice:, :jumlah_porsi:, :tanggal_acara:, :alamat_acara:, :total_tagihan:, :total_terbayar:, :sisa_pembayaran:, :status_pembayaran:)', [...], false)
 2 SYSTEMPATH/Model.php(357): CodeIgniter\Database\BaseBuilder->insert()
 3 SYSTEMPATH/BaseModel.php(899): CodeIgniter\Model->doInsert([...])
 4 SYSTEMPATH/Model.php(670): CodeIgniter\BaseModel->insert([...], true)
 5 APPPATH/Controllers/Pelanggan/Catering.php(50): CodeIgniter\Model->insert([...])
 6 SYSTEMPATH/CodeIgniter.php(974): App\Controllers\Pelanggan\Catering->simpan()
 7 SYSTEMPATH/CodeIgniter.php(520): CodeIgniter\CodeIgniter->runController(Object(App\Controllers\Pelanggan\Catering))
 8 SYSTEMPATH/CodeIgniter.php(363): CodeIgniter\CodeIgniter->handleRequest(null, Object(Config\Cache), false)
 9 SYSTEMPATH/Boot.php(417): CodeIgniter\CodeIgniter->run()
10 SYSTEMPATH/Boot.php(68): CodeIgniter\Boot::runCodeIgniter(Object(CodeIgniter\CodeIgniter))
11 FCPATH/index.php(59): CodeIgniter\Boot::bootWeb(Object(Config\Paths))
CRITICAL - 2026-06-08 11:21:46 --> [Caused by] CodeIgniter\Database\Exceptions\DatabaseException: Cannot add or update a child row: a foreign key constraint fails (`dbcatering`.`pemesanan`, CONSTRAINT `pemesanan_ibfk_1` FOREIGN KEY (`id_pelanggan`) REFERENCES `pelanggan` (`id_pelanggan`) ON DELETE CASCADE)
in SYSTEMPATH/Database/MySQLi/Connection.php on line 310.
 1 SYSTEMPATH/Database/BaseConnection.php(908): CodeIgniter\Database\MySQLi\Connection->execute('INSERT INTO `pemesanan` (`id_pelanggan`, `id_paket`, `no_invoice`, `jumlah_porsi`, `tanggal_acara`, `alamat_acara`, `total_tagihan`, `total_terbayar`, `sisa_pembayaran`, `status_pembayaran`) VALUES (1, \'2\', \'INV20260608112145\', \'30\', \'2026-06-13\', \'medan\', 450000, 0, 450000, \'Belum Bayar\')')
 2 SYSTEMPATH/Database/BaseConnection.php(825): CodeIgniter\Database\BaseConnection->simpleQuery('INSERT INTO `pemesanan` (`id_pelanggan`, `id_paket`, `no_invoice`, `jumlah_porsi`, `tanggal_acara`, `alamat_acara`, `total_tagihan`, `total_terbayar`, `sisa_pembayaran`, `status_pembayaran`) VALUES (1, \'2\', \'INV20260608112145\', \'30\', \'2026-06-13\', \'medan\', 450000, 0, 450000, \'Belum Bayar\')')
 3 SYSTEMPATH/Database/BaseBuilder.php(2343): CodeIgniter\Database\BaseConnection->query('INSERT INTO `pemesanan` (`id_pelanggan`, `id_paket`, `no_invoice`, `jumlah_porsi`, `tanggal_acara`, `alamat_acara`, `total_tagihan`, `total_terbayar`, `sisa_pembayaran`, `status_pembayaran`) VALUES (:id_pelanggan:, :id_paket:, :no_invoice:, :jumlah_porsi:, :tanggal_acara:, :alamat_acara:, :total_tagihan:, :total_terbayar:, :sisa_pembayaran:, :status_pembayaran:)', [...], false)
 4 SYSTEMPATH/Model.php(357): CodeIgniter\Database\BaseBuilder->insert()
 5 SYSTEMPATH/BaseModel.php(899): CodeIgniter\Model->doInsert([...])
 6 SYSTEMPATH/Model.php(670): CodeIgniter\BaseModel->insert([...], true)
 7 APPPATH/Controllers/Pelanggan/Catering.php(50): CodeIgniter\Model->insert([...])
 8 SYSTEMPATH/CodeIgniter.php(974): App\Controllers\Pelanggan\Catering->simpan()
 9 SYSTEMPATH/CodeIgniter.php(520): CodeIgniter\CodeIgniter->runController(Object(App\Controllers\Pelanggan\Catering))
10 SYSTEMPATH/CodeIgniter.php(363): CodeIgniter\CodeIgniter->handleRequest(null, Object(Config\Cache), false)
11 SYSTEMPATH/Boot.php(417): CodeIgniter\CodeIgniter->run()
12 SYSTEMPATH/Boot.php(68): CodeIgniter\Boot::runCodeIgniter(Object(CodeIgniter\CodeIgniter))
13 FCPATH/index.php(59): CodeIgniter\Boot::bootWeb(Object(Config\Paths))
CRITICAL - 2026-06-08 11:21:46 --> [Caused by] mysqli_sql_exception: Cannot add or update a child row: a foreign key constraint fails (`dbcatering`.`pemesanan`, CONSTRAINT `pemesanan_ibfk_1` FOREIGN KEY (`id_pelanggan`) REFERENCES `pelanggan` (`id_pelanggan`) ON DELETE CASCADE)
in SYSTEMPATH/Database/MySQLi/Connection.php on line 300.
 1 SYSTEMPATH/Database/MySQLi/Connection.php(300): mysqli->query('INSERT INTO `pemesanan` (`id_pelanggan`, `id_paket`, `no_invoice`, `jumlah_porsi`, `tanggal_acara`, `alamat_acara`, `total_tagihan`, `total_terbayar`, `sisa_pembayaran`, `status_pembayaran`) VALUES (1, \'2\', \'INV20260608112145\', \'30\', \'2026-06-13\', \'medan\', 450000, 0, 450000, \'Belum Bayar\')', 0)
 2 SYSTEMPATH/Database/BaseConnection.php(908): CodeIgniter\Database\MySQLi\Connection->execute('INSERT INTO `pemesanan` (`id_pelanggan`, `id_paket`, `no_invoice`, `jumlah_porsi`, `tanggal_acara`, `alamat_acara`, `total_tagihan`, `total_terbayar`, `sisa_pembayaran`, `status_pembayaran`) VALUES (1, \'2\', \'INV20260608112145\', \'30\', \'2026-06-13\', \'medan\', 450000, 0, 450000, \'Belum Bayar\')')
 3 SYSTEMPATH/Database/BaseConnection.php(825): CodeIgniter\Database\BaseConnection->simpleQuery('INSERT INTO `pemesanan` (`id_pelanggan`, `id_paket`, `no_invoice`, `jumlah_porsi`, `tanggal_acara`, `alamat_acara`, `total_tagihan`, `total_terbayar`, `sisa_pembayaran`, `status_pembayaran`) VALUES (1, \'2\', \'INV20260608112145\', \'30\', \'2026-06-13\', \'medan\', 450000, 0, 450000, \'Belum Bayar\')')
 4 SYSTEMPATH/Database/BaseBuilder.php(2343): CodeIgniter\Database\BaseConnection->query('INSERT INTO `pemesanan` (`id_pelanggan`, `id_paket`, `no_invoice`, `jumlah_porsi`, `tanggal_acara`, `alamat_acara`, `total_tagihan`, `total_terbayar`, `sisa_pembayaran`, `status_pembayaran`) VALUES (:id_pelanggan:, :id_paket:, :no_invoice:, :jumlah_porsi:, :tanggal_acara:, :alamat_acara:, :total_tagihan:, :total_terbayar:, :sisa_pembayaran:, :status_pembayaran:)', [...], false)
 5 SYSTEMPATH/Model.php(357): CodeIgniter\Database\BaseBuilder->insert()
 6 SYSTEMPATH/BaseModel.php(899): CodeIgniter\Model->doInsert([...])
 7 SYSTEMPATH/Model.php(670): CodeIgniter\BaseModel->insert([...], true)
 8 APPPATH/Controllers/Pelanggan/Catering.php(50): CodeIgniter\Model->insert([...])
 9 SYSTEMPATH/CodeIgniter.php(974): App\Controllers\Pelanggan\Catering->simpan()
10 SYSTEMPATH/CodeIgniter.php(520): CodeIgniter\CodeIgniter->runController(Object(App\Controllers\Pelanggan\Catering))
11 SYSTEMPATH/CodeIgniter.php(363): CodeIgniter\CodeIgniter->handleRequest(null, Object(Config\Cache), false)
12 SYSTEMPATH/Boot.php(417): CodeIgniter\CodeIgniter->run()
13 SYSTEMPATH/Boot.php(68): CodeIgniter\Boot::runCodeIgniter(Object(CodeIgniter\CodeIgniter))
14 FCPATH/index.php(59): CodeIgniter\Boot::bootWeb(Object(Config\Paths))
CRITICAL - 2026-06-08 14:52:25 --> CodeIgniter\View\Exceptions\ViewException: Invalid file: "index.php/Pelanggan/Catering/invoice.php"
[Method: POST, Route: pelanggan/catering/simpan]
in SYSTEMPATH/Exceptions/FrameworkException.php on line 39.
 1 SYSTEMPATH/View/View.php(228): CodeIgniter\Exceptions\FrameworkException::forInvalidFile('index.php/Pelanggan/Catering/invoice.php')
 2 SYSTEMPATH/Common.php(1254): CodeIgniter\View\View->render('index.php/Pelanggan/Catering/invoice', [], true)
 3 APPPATH/Controllers/Pelanggan/Catering.php(75): view('index.php/Pelanggan/Catering/invoice', [...])
 4 SYSTEMPATH/CodeIgniter.php(974): App\Controllers\Pelanggan\Catering->simpan()
 5 SYSTEMPATH/CodeIgniter.php(520): CodeIgniter\CodeIgniter->runController(Object(App\Controllers\Pelanggan\Catering))
 6 SYSTEMPATH/CodeIgniter.php(363): CodeIgniter\CodeIgniter->handleRequest(null, Object(Config\Cache), false)
 7 SYSTEMPATH/Boot.php(417): CodeIgniter\CodeIgniter->run()
 8 SYSTEMPATH/Boot.php(68): CodeIgniter\Boot::runCodeIgniter(Object(CodeIgniter\CodeIgniter))
 9 FCPATH/index.php(59): CodeIgniter\Boot::bootWeb(Object(Config\Paths))
CRITICAL - 2026-06-08 14:53:36 --> CodeIgniter\View\Exceptions\ViewException: Invalid file: "index.php/Pelanggan/Catering/invoice.php"
[Method: POST, Route: pelanggan/catering/simpan]
in SYSTEMPATH/Exceptions/FrameworkException.php on line 39.
 1 SYSTEMPATH/View/View.php(228): CodeIgniter\Exceptions\FrameworkException::forInvalidFile('index.php/Pelanggan/Catering/invoice.php')
 2 SYSTEMPATH/Common.php(1254): CodeIgniter\View\View->render('index.php/Pelanggan/Catering/invoice', [], true)
 3 APPPATH/Controllers/Pelanggan/Catering.php(75): view('index.php/Pelanggan/Catering/invoice', [...])
 4 SYSTEMPATH/CodeIgniter.php(974): App\Controllers\Pelanggan\Catering->simpan()
 5 SYSTEMPATH/CodeIgniter.php(520): CodeIgniter\CodeIgniter->runController(Object(App\Controllers\Pelanggan\Catering))
 6 SYSTEMPATH/CodeIgniter.php(363): CodeIgniter\CodeIgniter->handleRequest(null, Object(Config\Cache), false)
 7 SYSTEMPATH/Boot.php(417): CodeIgniter\CodeIgniter->run()
 8 SYSTEMPATH/Boot.php(68): CodeIgniter\Boot::runCodeIgniter(Object(CodeIgniter\CodeIgniter))
 9 FCPATH/index.php(59): CodeIgniter\Boot::bootWeb(Object(Config\Paths))
CRITICAL - 2026-06-08 14:53:42 --> CodeIgniter\View\Exceptions\ViewException: Invalid file: "index.php/Pelanggan/Catering/invoice.php"
[Method: POST, Route: pelanggan/catering/simpan]
in SYSTEMPATH/Exceptions/FrameworkException.php on line 39.
 1 SYSTEMPATH/View/View.php(228): CodeIgniter\Exceptions\FrameworkException::forInvalidFile('index.php/Pelanggan/Catering/invoice.php')
 2 SYSTEMPATH/Common.php(1254): CodeIgniter\View\View->render('index.php/Pelanggan/Catering/invoice', [], true)
 3 APPPATH/Controllers/Pelanggan/Catering.php(75): view('index.php/Pelanggan/Catering/invoice', [...])
 4 SYSTEMPATH/CodeIgniter.php(974): App\Controllers\Pelanggan\Catering->simpan()
 5 SYSTEMPATH/CodeIgniter.php(520): CodeIgniter\CodeIgniter->runController(Object(App\Controllers\Pelanggan\Catering))
 6 SYSTEMPATH/CodeIgniter.php(363): CodeIgniter\CodeIgniter->handleRequest(null, Object(Config\Cache), false)
 7 SYSTEMPATH/Boot.php(417): CodeIgniter\CodeIgniter->run()
 8 SYSTEMPATH/Boot.php(68): CodeIgniter\Boot::runCodeIgniter(Object(CodeIgniter\CodeIgniter))
 9 FCPATH/index.php(59): CodeIgniter\Boot::bootWeb(Object(Config\Paths))
CRITICAL - 2026-06-08 14:55:32 --> CodeIgniter\View\Exceptions\ViewException: Invalid file: "index.php/Pelanggan/Catering/invoice.php"
[Method: POST, Route: pelanggan/catering/simpan]
in SYSTEMPATH/Exceptions/FrameworkException.php on line 39.
 1 SYSTEMPATH/View/View.php(228): CodeIgniter\Exceptions\FrameworkException::forInvalidFile('index.php/Pelanggan/Catering/invoice.php')
 2 SYSTEMPATH/Common.php(1254): CodeIgniter\View\View->render('index.php/Pelanggan/Catering/invoice', [], true)
 3 APPPATH/Controllers/Pelanggan/Catering.php(75): view('index.php/Pelanggan/Catering/invoice', [...])
 4 SYSTEMPATH/CodeIgniter.php(974): App\Controllers\Pelanggan\Catering->simpan()
 5 SYSTEMPATH/CodeIgniter.php(520): CodeIgniter\CodeIgniter->runController(Object(App\Controllers\Pelanggan\Catering))
 6 SYSTEMPATH/CodeIgniter.php(363): CodeIgniter\CodeIgniter->handleRequest(null, Object(Config\Cache), false)
 7 SYSTEMPATH/Boot.php(417): CodeIgniter\CodeIgniter->run()
 8 SYSTEMPATH/Boot.php(68): CodeIgniter\Boot::runCodeIgniter(Object(CodeIgniter\CodeIgniter))
 9 FCPATH/index.php(59): CodeIgniter\Boot::bootWeb(Object(Config\Paths))
CRITICAL - 2026-06-08 14:55:56 --> CodeIgniter\View\Exceptions\ViewException: Invalid file: "index.php/Pelanggan/Catering/invoice.php"
[Method: POST, Route: pelanggan/catering/simpan]
in SYSTEMPATH/Exceptions/FrameworkException.php on line 39.
 1 SYSTEMPATH/View/View.php(228): CodeIgniter\Exceptions\FrameworkException::forInvalidFile('index.php/Pelanggan/Catering/invoice.php')
 2 SYSTEMPATH/Common.php(1254): CodeIgniter\View\View->render('index.php/Pelanggan/Catering/invoice', [], true)
 3 APPPATH/Controllers/Pelanggan/Catering.php(75): view('index.php/Pelanggan/Catering/invoice', [...])
 4 SYSTEMPATH/CodeIgniter.php(974): App\Controllers\Pelanggan\Catering->simpan()
 5 SYSTEMPATH/CodeIgniter.php(520): CodeIgniter\CodeIgniter->runController(Object(App\Controllers\Pelanggan\Catering))
 6 SYSTEMPATH/CodeIgniter.php(363): CodeIgniter\CodeIgniter->handleRequest(null, Object(Config\Cache), false)
 7 SYSTEMPATH/Boot.php(417): CodeIgniter\CodeIgniter->run()
 8 SYSTEMPATH/Boot.php(68): CodeIgniter\Boot::runCodeIgniter(Object(CodeIgniter\CodeIgniter))
 9 FCPATH/index.php(59): CodeIgniter\Boot::bootWeb(Object(Config\Paths))
CRITICAL - 2026-06-08 14:55:59 --> CodeIgniter\View\Exceptions\ViewException: Invalid file: "index.php/Pelanggan/Catering/invoice.php"
[Method: POST, Route: pelanggan/catering/simpan]
in SYSTEMPATH/Exceptions/FrameworkException.php on line 39.
 1 SYSTEMPATH/View/View.php(228): CodeIgniter\Exceptions\FrameworkException::forInvalidFile('index.php/Pelanggan/Catering/invoice.php')
 2 SYSTEMPATH/Common.php(1254): CodeIgniter\View\View->render('index.php/Pelanggan/Catering/invoice', [], true)
 3 APPPATH/Controllers/Pelanggan/Catering.php(75): view('index.php/Pelanggan/Catering/invoice', [...])
 4 SYSTEMPATH/CodeIgniter.php(974): App\Controllers\Pelanggan\Catering->simpan()
 5 SYSTEMPATH/CodeIgniter.php(520): CodeIgniter\CodeIgniter->runController(Object(App\Controllers\Pelanggan\Catering))
 6 SYSTEMPATH/CodeIgniter.php(363): CodeIgniter\CodeIgniter->handleRequest(null, Object(Config\Cache), false)
 7 SYSTEMPATH/Boot.php(417): CodeIgniter\CodeIgniter->run()
 8 SYSTEMPATH/Boot.php(68): CodeIgniter\Boot::runCodeIgniter(Object(CodeIgniter\CodeIgniter))
 9 FCPATH/index.php(59): CodeIgniter\Boot::bootWeb(Object(Config\Paths))
CRITICAL - 2026-06-08 14:56:53 --> CodeIgniter\View\Exceptions\ViewException: Invalid file: "index.php/Pelanggan/Catering/invoice.php"
[Method: POST, Route: pelanggan/catering/simpan]
in SYSTEMPATH/Exceptions/FrameworkException.php on line 39.
 1 SYSTEMPATH/View/View.php(228): CodeIgniter\Exceptions\FrameworkException::forInvalidFile('index.php/Pelanggan/Catering/invoice.php')
 2 SYSTEMPATH/Common.php(1254): CodeIgniter\View\View->render('index.php/Pelanggan/Catering/invoice', [], true)
 3 APPPATH/Controllers/Pelanggan/Catering.php(75): view('index.php/Pelanggan/Catering/invoice', [...])
 4 SYSTEMPATH/CodeIgniter.php(974): App\Controllers\Pelanggan\Catering->simpan()
 5 SYSTEMPATH/CodeIgniter.php(520): CodeIgniter\CodeIgniter->runController(Object(App\Controllers\Pelanggan\Catering))
 6 SYSTEMPATH/CodeIgniter.php(363): CodeIgniter\CodeIgniter->handleRequest(null, Object(Config\Cache), false)
 7 SYSTEMPATH/Boot.php(417): CodeIgniter\CodeIgniter->run()
 8 SYSTEMPATH/Boot.php(68): CodeIgniter\Boot::runCodeIgniter(Object(CodeIgniter\CodeIgniter))
 9 FCPATH/index.php(59): CodeIgniter\Boot::bootWeb(Object(Config\Paths))
CRITICAL - 2026-06-08 14:57:50 --> CodeIgniter\View\Exceptions\ViewException: Invalid file: "index.php/Pelanggan/Catering/invoice.php"
[Method: POST, Route: pelanggan/catering/simpan]
in SYSTEMPATH/Exceptions/FrameworkException.php on line 39.
 1 SYSTEMPATH/View/View.php(228): CodeIgniter\Exceptions\FrameworkException::forInvalidFile('index.php/Pelanggan/Catering/invoice.php')
 2 SYSTEMPATH/Common.php(1254): CodeIgniter\View\View->render('index.php/Pelanggan/Catering/invoice', [], true)
 3 APPPATH/Controllers/Pelanggan/Catering.php(75): view('index.php/Pelanggan/Catering/invoice', [...])
 4 SYSTEMPATH/CodeIgniter.php(974): App\Controllers\Pelanggan\Catering->simpan()
 5 SYSTEMPATH/CodeIgniter.php(520): CodeIgniter\CodeIgniter->runController(Object(App\Controllers\Pelanggan\Catering))
 6 SYSTEMPATH/CodeIgniter.php(363): CodeIgniter\CodeIgniter->handleRequest(null, Object(Config\Cache), false)
 7 SYSTEMPATH/Boot.php(417): CodeIgniter\CodeIgniter->run()
 8 SYSTEMPATH/Boot.php(68): CodeIgniter\Boot::runCodeIgniter(Object(CodeIgniter\CodeIgniter))
 9 FCPATH/index.php(59): CodeIgniter\Boot::bootWeb(Object(Config\Paths))
CRITICAL - 2026-06-08 15:20:15 --> ErrorException: Undefined array key "id_paket"
[Method: GET, Route: pelanggan/catering]
in APPPATH/Views/Pelanggan/Catering/index.php on line 36.
 1 APPPATH/Views/Pelanggan/Catering/index.php(36): CodeIgniter\Debug\Exceptions->errorHandler(2, 'Undefined array key "id_paket"', '/Applications/MAMP/htdocs/Catering/app/Views/Pelanggan/Catering/index.php', 36)
 2 SYSTEMPATH/View/View.php(240): include('/Applications/MAMP/htdocs/Catering/app/Views/Pelanggan/Catering/index.php')
 3 SYSTEMPATH/View/View.php(243): CodeIgniter\View\View->CodeIgniter\View\{closure}()
 4 SYSTEMPATH/Common.php(1254): CodeIgniter\View\View->render('Pelanggan/Catering/index', [], true)
 5 APPPATH/Controllers/Pelanggan/Catering.php(30): view('Pelanggan/Catering/index', [...])
 6 SYSTEMPATH/CodeIgniter.php(974): App\Controllers\Pelanggan\Catering->index()
 7 SYSTEMPATH/CodeIgniter.php(520): CodeIgniter\CodeIgniter->runController(Object(App\Controllers\Pelanggan\Catering))
 8 SYSTEMPATH/CodeIgniter.php(363): CodeIgniter\CodeIgniter->handleRequest(null, Object(Config\Cache), false)
 9 SYSTEMPATH/Boot.php(417): CodeIgniter\CodeIgniter->run()
10 SYSTEMPATH/Boot.php(68): CodeIgniter\Boot::runCodeIgniter(Object(CodeIgniter\CodeIgniter))
11 FCPATH/index.php(59): CodeIgniter\Boot::bootWeb(Object(Config\Paths))
CRITICAL - 2026-06-08 15:20:20 --> ErrorException: Undefined array key "id_paket"
[Method: GET, Route: pelanggan/catering]
in APPPATH/Views/Pelanggan/Catering/index.php on line 36.
 1 APPPATH/Views/Pelanggan/Catering/index.php(36): CodeIgniter\Debug\Exceptions->errorHandler(2, 'Undefined array key "id_paket"', '/Applications/MAMP/htdocs/Catering/app/Views/Pelanggan/Catering/index.php', 36)
 2 SYSTEMPATH/View/View.php(240): include('/Applications/MAMP/htdocs/Catering/app/Views/Pelanggan/Catering/index.php')
 3 SYSTEMPATH/View/View.php(243): CodeIgniter\View\View->CodeIgniter\View\{closure}()
 4 SYSTEMPATH/Common.php(1254): CodeIgniter\View\View->render('Pelanggan/Catering/index', [], true)
 5 APPPATH/Controllers/Pelanggan/Catering.php(30): view('Pelanggan/Catering/index', [...])
 6 SYSTEMPATH/CodeIgniter.php(974): App\Controllers\Pelanggan\Catering->index()
 7 SYSTEMPATH/CodeIgniter.php(520): CodeIgniter\CodeIgniter->runController(Object(App\Controllers\Pelanggan\Catering))
 8 SYSTEMPATH/CodeIgniter.php(363): CodeIgniter\CodeIgniter->handleRequest(null, Object(Config\Cache), false)
 9 SYSTEMPATH/Boot.php(417): CodeIgniter\CodeIgniter->run()
10 SYSTEMPATH/Boot.php(68): CodeIgniter\Boot::runCodeIgniter(Object(CodeIgniter\CodeIgniter))
11 FCPATH/index.php(59): CodeIgniter\Boot::bootWeb(Object(Config\Paths))
CRITICAL - 2026-06-08 15:20:20 --> ErrorException: Undefined array key "id_paket"
[Method: GET, Route: pelanggan/catering]
in APPPATH/Views/Pelanggan/Catering/index.php on line 36.
 1 APPPATH/Views/Pelanggan/Catering/index.php(36): CodeIgniter\Debug\Exceptions->errorHandler(2, 'Undefined array key "id_paket"', '/Applications/MAMP/htdocs/Catering/app/Views/Pelanggan/Catering/index.php', 36)
 2 SYSTEMPATH/View/View.php(240): include('/Applications/MAMP/htdocs/Catering/app/Views/Pelanggan/Catering/index.php')
 3 SYSTEMPATH/View/View.php(243): CodeIgniter\View\View->CodeIgniter\View\{closure}()
 4 SYSTEMPATH/Common.php(1254): CodeIgniter\View\View->render('Pelanggan/Catering/index', [], true)
 5 APPPATH/Controllers/Pelanggan/Catering.php(30): view('Pelanggan/Catering/index', [...])
 6 SYSTEMPATH/CodeIgniter.php(974): App\Controllers\Pelanggan\Catering->index()
 7 SYSTEMPATH/CodeIgniter.php(520): CodeIgniter\CodeIgniter->runController(Object(App\Controllers\Pelanggan\Catering))
 8 SYSTEMPATH/CodeIgniter.php(363): CodeIgniter\CodeIgniter->handleRequest(null, Object(Config\Cache), false)
 9 SYSTEMPATH/Boot.php(417): CodeIgniter\CodeIgniter->run()
10 SYSTEMPATH/Boot.php(68): CodeIgniter\Boot::runCodeIgniter(Object(CodeIgniter\CodeIgniter))
11 FCPATH/index.php(59): CodeIgniter\Boot::bootWeb(Object(Config\Paths))
CRITICAL - 2026-06-08 15:20:21 --> ErrorException: Undefined array key "id_paket"
[Method: GET, Route: pelanggan/catering]
in APPPATH/Views/Pelanggan/Catering/index.php on line 36.
 1 APPPATH/Views/Pelanggan/Catering/index.php(36): CodeIgniter\Debug\Exceptions->errorHandler(2, 'Undefined array key "id_paket"', '/Applications/MAMP/htdocs/Catering/app/Views/Pelanggan/Catering/index.php', 36)
 2 SYSTEMPATH/View/View.php(240): include('/Applications/MAMP/htdocs/Catering/app/Views/Pelanggan/Catering/index.php')
 3 SYSTEMPATH/View/View.php(243): CodeIgniter\View\View->CodeIgniter\View\{closure}()
 4 SYSTEMPATH/Common.php(1254): CodeIgniter\View\View->render('Pelanggan/Catering/index', [], true)
 5 APPPATH/Controllers/Pelanggan/Catering.php(30): view('Pelanggan/Catering/index', [...])
 6 SYSTEMPATH/CodeIgniter.php(974): App\Controllers\Pelanggan\Catering->index()
 7 SYSTEMPATH/CodeIgniter.php(520): CodeIgniter\CodeIgniter->runController(Object(App\Controllers\Pelanggan\Catering))
 8 SYSTEMPATH/CodeIgniter.php(363): CodeIgniter\CodeIgniter->handleRequest(null, Object(Config\Cache), false)
 9 SYSTEMPATH/Boot.php(417): CodeIgniter\CodeIgniter->run()
10 SYSTEMPATH/Boot.php(68): CodeIgniter\Boot::runCodeIgniter(Object(CodeIgniter\CodeIgniter))
11 FCPATH/index.php(59): CodeIgniter\Boot::bootWeb(Object(Config\Paths))
CRITICAL - 2026-06-08 15:21:14 --> ErrorException: Undefined array key "id_paket"
[Method: GET, Route: pelanggan/catering]
in APPPATH/Views/Pelanggan/Catering/index.php on line 36.
 1 APPPATH/Views/Pelanggan/Catering/index.php(36): CodeIgniter\Debug\Exceptions->errorHandler(2, 'Undefined array key "id_paket"', '/Applications/MAMP/htdocs/Catering/app/Views/Pelanggan/Catering/index.php', 36)
 2 SYSTEMPATH/View/View.php(240): include('/Applications/MAMP/htdocs/Catering/app/Views/Pelanggan/Catering/index.php')
 3 SYSTEMPATH/View/View.php(243): CodeIgniter\View\View->CodeIgniter\View\{closure}()
 4 SYSTEMPATH/Common.php(1254): CodeIgniter\View\View->render('Pelanggan/Catering/index', [], true)
 5 APPPATH/Controllers/Pelanggan/Catering.php(30): view('Pelanggan/Catering/index', [...])
 6 SYSTEMPATH/CodeIgniter.php(974): App\Controllers\Pelanggan\Catering->index()
 7 SYSTEMPATH/CodeIgniter.php(520): CodeIgniter\CodeIgniter->runController(Object(App\Controllers\Pelanggan\Catering))
 8 SYSTEMPATH/CodeIgniter.php(363): CodeIgniter\CodeIgniter->handleRequest(null, Object(Config\Cache), false)
 9 SYSTEMPATH/Boot.php(417): CodeIgniter\CodeIgniter->run()
10 SYSTEMPATH/Boot.php(68): CodeIgniter\Boot::runCodeIgniter(Object(CodeIgniter\CodeIgniter))
11 FCPATH/index.php(59): CodeIgniter\Boot::bootWeb(Object(Config\Paths))
CRITICAL - 2026-06-08 15:21:15 --> ErrorException: Undefined array key "id_paket"
[Method: GET, Route: pelanggan/catering]
in APPPATH/Views/Pelanggan/Catering/index.php on line 36.
 1 APPPATH/Views/Pelanggan/Catering/index.php(36): CodeIgniter\Debug\Exceptions->errorHandler(2, 'Undefined array key "id_paket"', '/Applications/MAMP/htdocs/Catering/app/Views/Pelanggan/Catering/index.php', 36)
 2 SYSTEMPATH/View/View.php(240): include('/Applications/MAMP/htdocs/Catering/app/Views/Pelanggan/Catering/index.php')
 3 SYSTEMPATH/View/View.php(243): CodeIgniter\View\View->CodeIgniter\View\{closure}()
 4 SYSTEMPATH/Common.php(1254): CodeIgniter\View\View->render('Pelanggan/Catering/index', [], true)
 5 APPPATH/Controllers/Pelanggan/Catering.php(30): view('Pelanggan/Catering/index', [...])
 6 SYSTEMPATH/CodeIgniter.php(974): App\Controllers\Pelanggan\Catering->index()
 7 SYSTEMPATH/CodeIgniter.php(520): CodeIgniter\CodeIgniter->runController(Object(App\Controllers\Pelanggan\Catering))
 8 SYSTEMPATH/CodeIgniter.php(363): CodeIgniter\CodeIgniter->handleRequest(null, Object(Config\Cache), false)
 9 SYSTEMPATH/Boot.php(417): CodeIgniter\CodeIgniter->run()
10 SYSTEMPATH/Boot.php(68): CodeIgniter\Boot::runCodeIgniter(Object(CodeIgniter\CodeIgniter))
11 FCPATH/index.php(59): CodeIgniter\Boot::bootWeb(Object(Config\Paths))
CRITICAL - 2026-06-08 15:21:16 --> ErrorException: Undefined array key "id_paket"
[Method: GET, Route: pelanggan/catering]
in APPPATH/Views/Pelanggan/Catering/index.php on line 36.
 1 APPPATH/Views/Pelanggan/Catering/index.php(36): CodeIgniter\Debug\Exceptions->errorHandler(2, 'Undefined array key "id_paket"', '/Applications/MAMP/htdocs/Catering/app/Views/Pelanggan/Catering/index.php', 36)
 2 SYSTEMPATH/View/View.php(240): include('/Applications/MAMP/htdocs/Catering/app/Views/Pelanggan/Catering/index.php')
 3 SYSTEMPATH/View/View.php(243): CodeIgniter\View\View->CodeIgniter\View\{closure}()
 4 SYSTEMPATH/Common.php(1254): CodeIgniter\View\View->render('Pelanggan/Catering/index', [], true)
 5 APPPATH/Controllers/Pelanggan/Catering.php(30): view('Pelanggan/Catering/index', [...])
 6 SYSTEMPATH/CodeIgniter.php(974): App\Controllers\Pelanggan\Catering->index()
 7 SYSTEMPATH/CodeIgniter.php(520): CodeIgniter\CodeIgniter->runController(Object(App\Controllers\Pelanggan\Catering))
 8 SYSTEMPATH/CodeIgniter.php(363): CodeIgniter\CodeIgniter->handleRequest(null, Object(Config\Cache), false)
 9 SYSTEMPATH/Boot.php(417): CodeIgniter\CodeIgniter->run()
10 SYSTEMPATH/Boot.php(68): CodeIgniter\Boot::runCodeIgniter(Object(CodeIgniter\CodeIgniter))
11 FCPATH/index.php(59): CodeIgniter\Boot::bootWeb(Object(Config\Paths))
CRITICAL - 2026-06-08 15:21:16 --> ErrorException: Undefined array key "id_paket"
[Method: GET, Route: pelanggan/catering]
in APPPATH/Views/Pelanggan/Catering/index.php on line 36.
 1 APPPATH/Views/Pelanggan/Catering/index.php(36): CodeIgniter\Debug\Exceptions->errorHandler(2, 'Undefined array key "id_paket"', '/Applications/MAMP/htdocs/Catering/app/Views/Pelanggan/Catering/index.php', 36)
 2 SYSTEMPATH/View/View.php(240): include('/Applications/MAMP/htdocs/Catering/app/Views/Pelanggan/Catering/index.php')
 3 SYSTEMPATH/View/View.php(243): CodeIgniter\View\View->CodeIgniter\View\{closure}()
 4 SYSTEMPATH/Common.php(1254): CodeIgniter\View\View->render('Pelanggan/Catering/index', [], true)
 5 APPPATH/Controllers/Pelanggan/Catering.php(30): view('Pelanggan/Catering/index', [...])
 6 SYSTEMPATH/CodeIgniter.php(974): App\Controllers\Pelanggan\Catering->index()
 7 SYSTEMPATH/CodeIgniter.php(520): CodeIgniter\CodeIgniter->runController(Object(App\Controllers\Pelanggan\Catering))
 8 SYSTEMPATH/CodeIgniter.php(363): CodeIgniter\CodeIgniter->handleRequest(null, Object(Config\Cache), false)
 9 SYSTEMPATH/Boot.php(417): CodeIgniter\CodeIgniter->run()
10 SYSTEMPATH/Boot.php(68): CodeIgniter\Boot::runCodeIgniter(Object(CodeIgniter\CodeIgniter))
11 FCPATH/index.php(59): CodeIgniter\Boot::bootWeb(Object(Config\Paths))
CRITICAL - 2026-06-08 15:21:17 --> ErrorException: Undefined array key "id_paket"
[Method: GET, Route: pelanggan/catering]
in APPPATH/Views/Pelanggan/Catering/index.php on line 36.
 1 APPPATH/Views/Pelanggan/Catering/index.php(36): CodeIgniter\Debug\Exceptions->errorHandler(2, 'Undefined array key "id_paket"', '/Applications/MAMP/htdocs/Catering/app/Views/Pelanggan/Catering/index.php', 36)
 2 SYSTEMPATH/View/View.php(240): include('/Applications/MAMP/htdocs/Catering/app/Views/Pelanggan/Catering/index.php')
 3 SYSTEMPATH/View/View.php(243): CodeIgniter\View\View->CodeIgniter\View\{closure}()
 4 SYSTEMPATH/Common.php(1254): CodeIgniter\View\View->render('Pelanggan/Catering/index', [], true)
 5 APPPATH/Controllers/Pelanggan/Catering.php(30): view('Pelanggan/Catering/index', [...])
 6 SYSTEMPATH/CodeIgniter.php(974): App\Controllers\Pelanggan\Catering->index()
 7 SYSTEMPATH/CodeIgniter.php(520): CodeIgniter\CodeIgniter->runController(Object(App\Controllers\Pelanggan\Catering))
 8 SYSTEMPATH/CodeIgniter.php(363): CodeIgniter\CodeIgniter->handleRequest(null, Object(Config\Cache), false)
 9 SYSTEMPATH/Boot.php(417): CodeIgniter\CodeIgniter->run()
10 SYSTEMPATH/Boot.php(68): CodeIgniter\Boot::runCodeIgniter(Object(CodeIgniter\CodeIgniter))
11 FCPATH/index.php(59): CodeIgniter\Boot::bootWeb(Object(Config\Paths))
CRITICAL - 2026-06-08 15:21:30 --> ErrorException: Undefined array key "id_paket"
[Method: GET, Route: pelanggan/catering]
in APPPATH/Views/Pelanggan/Catering/index.php on line 36.
 1 APPPATH/Views/Pelanggan/Catering/index.php(36): CodeIgniter\Debug\Exceptions->errorHandler(2, 'Undefined array key "id_paket"', '/Applications/MAMP/htdocs/Catering/app/Views/Pelanggan/Catering/index.php', 36)
 2 SYSTEMPATH/View/View.php(240): include('/Applications/MAMP/htdocs/Catering/app/Views/Pelanggan/Catering/index.php')
 3 SYSTEMPATH/View/View.php(243): CodeIgniter\View\View->CodeIgniter\View\{closure}()
 4 SYSTEMPATH/Common.php(1254): CodeIgniter\View\View->render('Pelanggan/Catering/index', [], true)
 5 APPPATH/Controllers/Pelanggan/Catering.php(30): view('Pelanggan/Catering/index', [...])
 6 SYSTEMPATH/CodeIgniter.php(974): App\Controllers\Pelanggan\Catering->index()
 7 SYSTEMPATH/CodeIgniter.php(520): CodeIgniter\CodeIgniter->runController(Object(App\Controllers\Pelanggan\Catering))
 8 SYSTEMPATH/CodeIgniter.php(363): CodeIgniter\CodeIgniter->handleRequest(null, Object(Config\Cache), false)
 9 SYSTEMPATH/Boot.php(417): CodeIgniter\CodeIgniter->run()
10 SYSTEMPATH/Boot.php(68): CodeIgniter\Boot::runCodeIgniter(Object(CodeIgniter\CodeIgniter))
11 FCPATH/index.php(59): CodeIgniter\Boot::bootWeb(Object(Config\Paths))
CRITICAL - 2026-06-08 15:21:31 --> ErrorException: Undefined array key "id_paket"
[Method: GET, Route: pelanggan/catering]
in APPPATH/Views/Pelanggan/Catering/index.php on line 36.
 1 APPPATH/Views/Pelanggan/Catering/index.php(36): CodeIgniter\Debug\Exceptions->errorHandler(2, 'Undefined array key "id_paket"', '/Applications/MAMP/htdocs/Catering/app/Views/Pelanggan/Catering/index.php', 36)
 2 SYSTEMPATH/View/View.php(240): include('/Applications/MAMP/htdocs/Catering/app/Views/Pelanggan/Catering/index.php')
 3 SYSTEMPATH/View/View.php(243): CodeIgniter\View\View->CodeIgniter\View\{closure}()
 4 SYSTEMPATH/Common.php(1254): CodeIgniter\View\View->render('Pelanggan/Catering/index', [], true)
 5 APPPATH/Controllers/Pelanggan/Catering.php(30): view('Pelanggan/Catering/index', [...])
 6 SYSTEMPATH/CodeIgniter.php(974): App\Controllers\Pelanggan\Catering->index()
 7 SYSTEMPATH/CodeIgniter.php(520): CodeIgniter\CodeIgniter->runController(Object(App\Controllers\Pelanggan\Catering))
 8 SYSTEMPATH/CodeIgniter.php(363): CodeIgniter\CodeIgniter->handleRequest(null, Object(Config\Cache), false)
 9 SYSTEMPATH/Boot.php(417): CodeIgniter\CodeIgniter->run()
10 SYSTEMPATH/Boot.php(68): CodeIgniter\Boot::runCodeIgniter(Object(CodeIgniter\CodeIgniter))
11 FCPATH/index.php(59): CodeIgniter\Boot::bootWeb(Object(Config\Paths))
DEBUG - 2026-06-08 15:38:10 --> Session: Class initialized using 'CodeIgniter\Session\Handlers\FileHandler' driver.
DEBUG - 2026-06-08 15:43:06 --> Session: Class initialized using 'CodeIgniter\Session\Handlers\FileHandler' driver.
DEBUG - 2026-06-08 15:49:51 --> Session: Class initialized using 'CodeIgniter\Session\Handlers\FileHandler' driver.
DEBUG - 2026-06-08 15:51:54 --> Session: Class initialized using 'CodeIgniter\Session\Handlers\FileHandler' driver.
DEBUG - 2026-06-08 15:51:54 --> Session: Class initialized using 'CodeIgniter\Session\Handlers\FileHandler' driver.
DEBUG - 2026-06-08 16:09:37 --> Session: Class initialized using 'CodeIgniter\Session\Handlers\FileHandler' driver.
DEBUG - 2026-06-08 16:09:38 --> Session: Class initialized using 'CodeIgniter\Session\Handlers\FileHandler' driver.
DEBUG - 2026-06-08 16:09:39 --> Session: Class initialized using 'CodeIgniter\Session\Handlers\FileHandler' driver.
DEBUG - 2026-06-08 16:09:51 --> Session: Class initialized using 'CodeIgniter\Session\Handlers\FileHandler' driver.
DEBUG - 2026-06-08 16:09:54 --> Session: Class initialized using 'CodeIgniter\Session\Handlers\FileHandler' driver.
DEBUG - 2026-06-08 16:12:05 --> Session: Class initialized using 'CodeIgniter\Session\Handlers\FileHandler' driver.
DEBUG - 2026-06-08 16:12:05 --> Session: Class initialized using 'CodeIgniter\Session\Handlers\FileHandler' driver.
DEBUG - 2026-06-08 16:14:54 --> Session: Class initialized using 'CodeIgniter\Session\Handlers\FileHandler' driver.
DEBUG - 2026-06-08 16:14:54 --> Session: Class initialized using 'CodeIgniter\Session\Handlers\FileHandler' driver.
DEBUG - 2026-06-08 16:19:53 --> Session: Class initialized using 'CodeIgniter\Session\Handlers\FileHandler' driver.
DEBUG - 2026-06-08 16:20:51 --> Session: Class initialized using 'CodeIgniter\Session\Handlers\FileHandler' driver.
DEBUG - 2026-06-08 16:20:52 --> Session: Class initialized using 'CodeIgniter\Session\Handlers\FileHandler' driver.
DEBUG - 2026-06-08 16:20:54 --> Session: Class initialized using 'CodeIgniter\Session\Handlers\FileHandler' driver.
DEBUG - 2026-06-08 16:24:18 --> Session: Class initialized using 'CodeIgniter\Session\Handlers\FileHandler' driver.
DEBUG - 2026-06-08 16:24:19 --> Session: Class initialized using 'CodeIgniter\Session\Handlers\FileHandler' driver.
DEBUG - 2026-06-08 16:24:20 --> Session: Class initialized using 'CodeIgniter\Session\Handlers\FileHandler' driver.
DEBUG - 2026-06-08 16:24:21 --> Session: Class initialized using 'CodeIgniter\Session\Handlers\FileHandler' driver.
DEBUG - 2026-06-08 16:24:23 --> Session: Class initialized using 'CodeIgniter\Session\Handlers\FileHandler' driver.
DEBUG - 2026-06-08 16:27:00 --> Session: Class initialized using 'CodeIgniter\Session\Handlers\FileHandler' driver.
DEBUG - 2026-06-08 16:27:31 --> Session: Class initialized using 'CodeIgniter\Session\Handlers\FileHandler' driver.
CRITICAL - 2026-06-08 16:27:31 --> CodeIgniter\View\Exceptions\ViewException: Invalid file: "index.php/Pelanggan/Catering/checkout.php"
[Method: GET, Route: pelanggan/catering/checkout]
in SYSTEMPATH/Exceptions/FrameworkException.php on line 39.
 1 SYSTEMPATH/View/View.php(228): CodeIgniter\Exceptions\FrameworkException::forInvalidFile('index.php/Pelanggan/Catering/checkout.php')
 2 SYSTEMPATH/Common.php(1254): CodeIgniter\View\View->render('index.php/Pelanggan/Catering/checkout', [], true)
 3 APPPATH/Controllers/Pelanggan/Catering.php(218): view('index.php/Pelanggan/Catering/checkout', [...])
 4 SYSTEMPATH/CodeIgniter.php(974): App\Controllers\Pelanggan\Catering->checkout()
 5 SYSTEMPATH/CodeIgniter.php(520): CodeIgniter\CodeIgniter->runController(Object(App\Controllers\Pelanggan\Catering))
 6 SYSTEMPATH/CodeIgniter.php(363): CodeIgniter\CodeIgniter->handleRequest(null, Object(Config\Cache), false)
 7 SYSTEMPATH/Boot.php(417): CodeIgniter\CodeIgniter->run()
 8 SYSTEMPATH/Boot.php(68): CodeIgniter\Boot::runCodeIgniter(Object(CodeIgniter\CodeIgniter))
 9 FCPATH/index.php(59): CodeIgniter\Boot::bootWeb(Object(Config\Paths))
DEBUG - 2026-06-08 16:27:54 --> Session: Class initialized using 'CodeIgniter\Session\Handlers\FileHandler' driver.
DEBUG - 2026-06-08 16:39:33 --> Session: Class initialized using 'CodeIgniter\Session\Handlers\FileHandler' driver.
DEBUG - 2026-06-08 16:39:56 --> Session: Class initialized using 'CodeIgniter\Session\Handlers\FileHandler' driver.
DEBUG - 2026-06-08 16:39:57 --> Session: Class initialized using 'CodeIgniter\Session\Handlers\FileHandler' driver.
DEBUG - 2026-06-08 16:40:00 --> Session: Class initialized using 'CodeIgniter\Session\Handlers\FileHandler' driver.
DEBUG - 2026-06-08 16:40:00 --> Session: Class initialized using 'CodeIgniter\Session\Handlers\FileHandler' driver.
DEBUG - 2026-06-08 16:40:03 --> Session: Class initialized using 'CodeIgniter\Session\Handlers\FileHandler' driver.
DEBUG - 2026-06-08 16:40:12 --> Session: Class initialized using 'CodeIgniter\Session\Handlers\FileHandler' driver.
DEBUG - 2026-06-08 16:54:45 --> Session: Class initialized using 'CodeIgniter\Session\Handlers\FileHandler' driver.
DEBUG - 2026-06-08 16:54:46 --> Session: Class initialized using 'CodeIgniter\Session\Handlers\FileHandler' driver.
DEBUG - 2026-06-08 16:54:54 --> Session: Class initialized using 'CodeIgniter\Session\Handlers\FileHandler' driver.
DEBUG - 2026-06-08 16:54:54 --> Session: Class initialized using 'CodeIgniter\Session\Handlers\FileHandler' driver.
DEBUG - 2026-06-08 16:54:56 --> Session: Class initialized using 'CodeIgniter\Session\Handlers\FileHandler' driver.
DEBUG - 2026-06-08 16:55:03 --> Session: Class initialized using 'CodeIgniter\Session\Handlers\FileHandler' driver.
DEBUG - 2026-06-08 17:45:00 --> Session: Class initialized using 'CodeIgniter\Session\Handlers\FileHandler' driver.
DEBUG - 2026-06-08 17:45:12 --> Session: Class initialized using 'CodeIgniter\Session\Handlers\FileHandler' driver.
DEBUG - 2026-06-08 17:55:26 --> Session: Class initialized using 'CodeIgniter\Session\Handlers\FileHandler' driver.
DEBUG - 2026-06-08 17:55:28 --> Session: Class initialized using 'CodeIgniter\Session\Handlers\FileHandler' driver.
DEBUG - 2026-06-08 17:55:58 --> Session: Class initialized using 'CodeIgniter\Session\Handlers\FileHandler' driver.
DEBUG - 2026-06-08 17:56:07 --> Session: Class initialized using 'CodeIgniter\Session\Handlers\FileHandler' driver.
DEBUG - 2026-06-08 17:56:07 --> Session: Class initialized using 'CodeIgniter\Session\Handlers\FileHandler' driver.
DEBUG - 2026-06-08 17:56:08 --> Session: Class initialized using 'CodeIgniter\Session\Handlers\FileHandler' driver.
DEBUG - 2026-06-08 17:56:15 --> Session: Class initialized using 'CodeIgniter\Session\Handlers\FileHandler' driver.
DEBUG - 2026-06-08 17:56:18 --> Session: Class initialized using 'CodeIgniter\Session\Handlers\FileHandler' driver.
DEBUG - 2026-06-08 17:56:20 --> Session: Class initialized using 'CodeIgniter\Session\Handlers\FileHandler' driver.
DEBUG - 2026-06-08 17:56:56 --> Session: Class initialized using 'CodeIgniter\Session\Handlers\FileHandler' driver.
DEBUG - 2026-06-08 17:57:01 --> Session: Class initialized using 'CodeIgniter\Session\Handlers\FileHandler' driver.
DEBUG - 2026-06-08 17:57:02 --> Session: Class initialized using 'CodeIgniter\Session\Handlers\FileHandler' driver.
DEBUG - 2026-06-08 17:57:04 --> Session: Class initialized using 'CodeIgniter\Session\Handlers\FileHandler' driver.
DEBUG - 2026-06-08 17:57:05 --> Session: Class initialized using 'CodeIgniter\Session\Handlers\FileHandler' driver.
DEBUG - 2026-06-08 17:57:25 --> Session: Class initialized using 'CodeIgniter\Session\Handlers\FileHandler' driver.
DEBUG - 2026-06-08 17:58:21 --> Session: Class initialized using 'CodeIgniter\Session\Handlers\FileHandler' driver.
DEBUG - 2026-06-08 18:00:08 --> Session: Class initialized using 'CodeIgniter\Session\Handlers\FileHandler' driver.
DEBUG - 2026-06-08 18:00:11 --> Session: Class initialized using 'CodeIgniter\Session\Handlers\FileHandler' driver.
DEBUG - 2026-06-08 18:00:16 --> Session: Class initialized using 'CodeIgniter\Session\Handlers\FileHandler' driver.
DEBUG - 2026-06-08 18:00:26 --> Session: Class initialized using 'CodeIgniter\Session\Handlers\FileHandler' driver.
DEBUG - 2026-06-08 18:00:43 --> Session: Class initialized using 'CodeIgniter\Session\Handlers\FileHandler' driver.
DEBUG - 2026-06-08 18:00:52 --> Session: Class initialized using 'CodeIgniter\Session\Handlers\FileHandler' driver.
DEBUG - 2026-06-08 18:01:45 --> Session: Class initialized using 'CodeIgniter\Session\Handlers\FileHandler' driver.
DEBUG - 2026-06-08 18:01:46 --> Session: Class initialized using 'CodeIgniter\Session\Handlers\FileHandler' driver.
DEBUG - 2026-06-08 18:02:02 --> Session: Class initialized using 'CodeIgniter\Session\Handlers\FileHandler' driver.
DEBUG - 2026-06-08 18:02:03 --> Session: Class initialized using 'CodeIgniter\Session\Handlers\FileHandler' driver.
DEBUG - 2026-06-08 18:02:04 --> Session: Class initialized using 'CodeIgniter\Session\Handlers\FileHandler' driver.
DEBUG - 2026-06-08 18:02:05 --> Session: Class initialized using 'CodeIgniter\Session\Handlers\FileHandler' driver.
DEBUG - 2026-06-08 18:02:10 --> Session: Class initialized using 'CodeIgniter\Session\Handlers\FileHandler' driver.
DEBUG - 2026-06-08 18:02:11 --> Session: Class initialized using 'CodeIgniter\Session\Handlers\FileHandler' driver.
DEBUG - 2026-06-08 18:02:11 --> Session: Class initialized using 'CodeIgniter\Session\Handlers\FileHandler' driver.
DEBUG - 2026-06-08 18:02:12 --> Session: Class initialized using 'CodeIgniter\Session\Handlers\FileHandler' driver.
DEBUG - 2026-06-08 18:02:13 --> Session: Class initialized using 'CodeIgniter\Session\Handlers\FileHandler' driver.
DEBUG - 2026-06-08 18:02:14 --> Session: Class initialized using 'CodeIgniter\Session\Handlers\FileHandler' driver.
DEBUG - 2026-06-08 18:02:23 --> Session: Class initialized using 'CodeIgniter\Session\Handlers\FileHandler' driver.
DEBUG - 2026-06-08 18:02:24 --> Session: Class initialized using 'CodeIgniter\Session\Handlers\FileHandler' driver.
DEBUG - 2026-06-08 18:02:28 --> Session: Class initialized using 'CodeIgniter\Session\Handlers\FileHandler' driver.
DEBUG - 2026-06-08 18:03:07 --> Session: Class initialized using 'CodeIgniter\Session\Handlers\FileHandler' driver.
DEBUG - 2026-06-08 18:03:10 --> Session: Class initialized using 'CodeIgniter\Session\Handlers\FileHandler' driver.
DEBUG - 2026-06-08 18:03:19 --> Session: Class initialized using 'CodeIgniter\Session\Handlers\FileHandler' driver.
DEBUG - 2026-06-08 18:03:22 --> Session: Class initialized using 'CodeIgniter\Session\Handlers\FileHandler' driver.
DEBUG - 2026-06-08 18:03:23 --> Session: Class initialized using 'CodeIgniter\Session\Handlers\FileHandler' driver.
DEBUG - 2026-06-08 18:04:30 --> Session: Class initialized using 'CodeIgniter\Session\Handlers\FileHandler' driver.
DEBUG - 2026-06-08 18:04:39 --> Session: Class initialized using 'CodeIgniter\Session\Handlers\FileHandler' driver.
DEBUG - 2026-06-08 18:04:40 --> Session: Class initialized using 'CodeIgniter\Session\Handlers\FileHandler' driver.
DEBUG - 2026-06-08 18:05:28 --> Session: Class initialized using 'CodeIgniter\Session\Handlers\FileHandler' driver.
DEBUG - 2026-06-08 18:08:13 --> Session: Class initialized using 'CodeIgniter\Session\Handlers\FileHandler' driver.
DEBUG - 2026-06-08 18:08:26 --> Session: Class initialized using 'CodeIgniter\Session\Handlers\FileHandler' driver.
DEBUG - 2026-06-08 18:09:59 --> Session: Class initialized using 'CodeIgniter\Session\Handlers\FileHandler' driver.
DEBUG - 2026-06-08 18:10:09 --> Session: Class initialized using 'CodeIgniter\Session\Handlers\FileHandler' driver.
DEBUG - 2026-06-08 18:10:25 --> Session: Class initialized using 'CodeIgniter\Session\Handlers\FileHandler' driver.
DEBUG - 2026-06-08 18:10:27 --> Session: Class initialized using 'CodeIgniter\Session\Handlers\FileHandler' driver.
DEBUG - 2026-06-08 18:10:29 --> Session: Class initialized using 'CodeIgniter\Session\Handlers\FileHandler' driver.
DEBUG - 2026-06-08 18:10:30 --> Session: Class initialized using 'CodeIgniter\Session\Handlers\FileHandler' driver.
DEBUG - 2026-06-08 18:10:31 --> Session: Class initialized using 'CodeIgniter\Session\Handlers\FileHandler' driver.
DEBUG - 2026-06-08 18:10:33 --> Session: Class initialized using 'CodeIgniter\Session\Handlers\FileHandler' driver.
DEBUG - 2026-06-08 18:20:29 --> Session: Class initialized using 'CodeIgniter\Session\Handlers\FileHandler' driver.
DEBUG - 2026-06-08 18:20:51 --> Session: Class initialized using 'CodeIgniter\Session\Handlers\FileHandler' driver.
DEBUG - 2026-06-08 18:20:52 --> Session: Class initialized using 'CodeIgniter\Session\Handlers\FileHandler' driver.
DEBUG - 2026-06-08 18:20:54 --> Session: Class initialized using 'CodeIgniter\Session\Handlers\FileHandler' driver.
DEBUG - 2026-06-08 18:21:05 --> Session: Class initialized using 'CodeIgniter\Session\Handlers\FileHandler' driver.
DEBUG - 2026-06-08 18:21:05 --> Session: Class initialized using 'CodeIgniter\Session\Handlers\FileHandler' driver.
DEBUG - 2026-06-08 18:21:11 --> Session: Class initialized using 'CodeIgniter\Session\Handlers\FileHandler' driver.
DEBUG - 2026-06-08 18:21:13 --> Session: Class initialized using 'CodeIgniter\Session\Handlers\FileHandler' driver.
DEBUG - 2026-06-08 18:21:15 --> Session: Class initialized using 'CodeIgniter\Session\Handlers\FileHandler' driver.
DEBUG - 2026-06-08 18:21:17 --> Session: Class initialized using 'CodeIgniter\Session\Handlers\FileHandler' driver.
DEBUG - 2026-06-08 18:21:52 --> Session: Class initialized using 'CodeIgniter\Session\Handlers\FileHandler' driver.
DEBUG - 2026-06-08 18:22:47 --> Session: Class initialized using 'CodeIgniter\Session\Handlers\FileHandler' driver.
DEBUG - 2026-06-08 18:22:59 --> Session: Class initialized using 'CodeIgniter\Session\Handlers\FileHandler' driver.
DEBUG - 2026-06-08 18:23:01 --> Session: Class initialized using 'CodeIgniter\Session\Handlers\FileHandler' driver.
DEBUG - 2026-06-08 18:23:02 --> Session: Class initialized using 'CodeIgniter\Session\Handlers\FileHandler' driver.
